<?xml version="1.0" encoding="UTF-8" ?>
<testsuite errors="0" failures="0" hostname="TRANTOR208" name="tests.DemoTest" skipped="0" tests="2" time="0.023" timestamp="2015-06-11T04:23:50">
  <properties>
    <property name="java.vendor" value="Oracle Corporation" />
    <property name="sun.java.launcher" value="SUN_STANDARD" />
    <property name="eclipse.pdebuild.templates" value="/D:/softwares/eclipse-jee-luna-R-win32-x86_64/eclipse/plugins/org.eclipse.pde.build_3.9.0.v20140415-2029/templates/" />
    <property name="sun.management.compiler" value="HotSpot 64-Bit Tiered Compilers" />
    <property name="os.name" value="Windows 7" />
    <property name="sun.boot.class.path" value="D:\softwares\eclipse-jee-luna-R-win32-x86_64\eclipse\jre\lib\resources.jar;D:\softwares\eclipse-jee-luna-R-win32-x86_64\eclipse\jre\lib\rt.jar;D:\softwares\eclipse-jee-luna-R-win32-x86_64\eclipse\jre\lib\sunrsasign.jar;D:\softwares\eclipse-jee-luna-R-win32-x86_64\eclipse\jre\lib\jsse.jar;D:\softwares\eclipse-jee-luna-R-win32-x86_64\eclipse\jre\lib\jce.jar;D:\softwares\eclipse-jee-luna-R-win32-x86_64\eclipse\jre\lib\charsets.jar;D:\softwares\eclipse-jee-luna-R-win32-x86_64\eclipse\jre\lib\jfr.jar;D:\softwares\eclipse-jee-luna-R-win32-x86_64\eclipse\jre\classes" />
    <property name="sun.desktop" value="windows" />
    <property name="java.vm.specification.vendor" value="Oracle Corporation" />
    <property name="ant.home" value="D:\softwares\eclipse-jee-luna-R-win32-x86_64\eclipse\plugins\org.apache.ant_1.9.2.v201404171502" />
    <property name="java.runtime.version" value="1.7.0_67-b01" />
    <property name="user.name" value="inderpreet.singh" />
    <property name="build.dir" value="D:\GitHubRepo\src\bin" />
    <property name="user.language" value="en" />
    <property name="test.report.dir" value="D:\GitHubRepo\src\testreport" />
    <property name="sun.boot.library.path" value="D:\softwares\eclipse-jee-luna-R-win32-x86_64\eclipse\jre\bin" />
    <property name="ant.project.name" value="JUNIT" />
    <property name="java.version" value="1.7.0_67" />
    <property name="user.timezone" value="" />
    <property name="sun.arch.data.model" value="64" />
    <property name="java.endorsed.dirs" value="D:\softwares\eclipse-jee-luna-R-win32-x86_64\eclipse\jre\lib\endorsed" />
    <property name="sun.cpu.isalist" value="amd64" />
    <property name="sun.jnu.encoding" value="Cp1252" />
    <property name="file.encoding.pkg" value="sun.io" />
    <property name="file.separator" value="\" />
    <property name="java.specification.name" value="Java Platform API Specification" />
    <property name="java.class.version" value="51.0" />
    <property name="user.country" value="US" />
    <property name="java.home" value="D:\softwares\eclipse-jee-luna-R-win32-x86_64\eclipse\jre" />
    <property name="java.vm.info" value="mixed mode" />
    <property name="ant.file" value="D:\GitHubRepo\src\build.xml" />
    <property name="os.version" value="6.1" />
    <property name="path.separator" value=";" />
    <property name="java.vm.version" value="24.65-b04" />
    <property name="user.variant" value="" />
    <property name="ant.library.dir" value="D:\softwares\eclipse-jee-luna-R-win32-x86_64\eclipse\plugins\org.apache.ant_1.9.2.v201404171502\lib" />
    <property name="java.awt.printerjob" value="sun.awt.windows.WPrinterJob" />
    <property name="sun.io.unicode.encoding" value="UnicodeLittle" />
    <property name="ant.file.type.JUNIT" value="file" />
    <property name="awt.toolkit" value="sun.awt.windows.WToolkit" />
    <property name="user.script" value="" />
    <property name="ant.file.JUNIT" value="D:\GitHubRepo\src\build.xml" />
    <property name="eclipse.pdebuild.scripts" value="/D:/softwares/eclipse-jee-luna-R-win32-x86_64/eclipse/plugins/org.eclipse.pde.build_3.9.0.v20140415-2029/scripts/" />
    <property name="user.home" value="C:\Users\inderpreet.singh" />
    <property name="java.specification.vendor" value="Oracle Corporation" />
    <property name="test.dir" value="D:\GitHubRepo\src\tests" />
    <property name="java.library.path" value="D:\softwares\eclipse-jee-luna-R-win32-x86_64\eclipse;C:\Windows\Sun\Java\bin;C:\Windows\system32;C:\Windows;D:/softwares/eclipse-jee-luna-R-win32-x86_64/eclipse/jre/bin/server;D:/softwares/eclipse-jee-luna-R-win32-x86_64/eclipse/jre/bin;D:/softwares/eclipse-jee-luna-R-win32-x86_64/eclipse/jre/lib/amd64;C:\Program Files\Java\jdk1.7.0_60;C:\Program Files (x86)\Skype\Phone\;C:\WINDOWS\system32;D:\softwares\eclipse-jee-luna-R-win32-x86_64\eclipse;;.;D:\softwares\eclipse-jee-luna-R-win32-x86_64\eclipse\configuration\org.eclipse.osgi\676\0\.cp" />
    <property name="java.vendor.url" value="http://java.oracle.com/" />
    <property name="java.vm.vendor" value="Oracle Corporation" />
    <property name="java.runtime.name" value="Java(TM) SE Runtime Environment" />
    <property name="sun.java.command" value="org.eclipse.ant.internal.launching.remote.InternalAntRunner -Dorg.eclipse.ant.core.ANT_PROCESS_ID=1433996629221 -Declipse.connect.port=53795 -Declipse.pdebuild.home=/D:/softwares/eclipse-jee-luna-R-win32-x86_64/eclipse/plugins/org.eclipse.pde.build_3.9.0.v20140415-2029/./ -Declipse.pdebuild.scripts=/D:/softwares/eclipse-jee-luna-R-win32-x86_64/eclipse/plugins/org.eclipse.pde.build_3.9.0.v20140415-2029/scripts/ -Declipse.pdebuild.templates=/D:/softwares/eclipse-jee-luna-R-win32-x86_64/eclipse/plugins/org.eclipse.pde.build_3.9.0.v20140415-2029/templates/ -Dant.home=D:\softwares\eclipse-jee-luna-R-win32-x86_64\eclipse\plugins\org.apache.ant_1.9.2.v201404171502 -logger org.eclipse.ant.internal.launching.remote.logger.RemoteAntBuildLogger -inputhandler org.eclipse.ant.internal.ui.antsupport.inputhandler.ProxyInputHandler -buildfile D:\GitHubRepo\src\build.xml main" />
    <property name="java.class.path" value="D:\softwares\eclipse-jee-luna-R-win32-x86_64\eclipse\plugins\org.apache.ant_1.9.2.v201404171502\lib\ant-antlr.jar;D:\softwares\eclipse-jee-luna-R-win32-x86_64\eclipse\plugins\org.apache.ant_1.9.2.v201404171502\lib\ant-apache-bcel.jar;D:\softwares\eclipse-jee-luna-R-win32-x86_64\eclipse\plugins\org.apache.ant_1.9.2.v201404171502\lib\ant-apache-bsf.jar;D:\softwares\eclipse-jee-luna-R-win32-x86_64\eclipse\plugins\org.apache.ant_1.9.2.v201404171502\lib\ant-apache-log4j.jar;D:\softwares\eclipse-jee-luna-R-win32-x86_64\eclipse\plugins\org.apache.ant_1.9.2.v201404171502\lib\ant-apache-oro.jar;D:\softwares\eclipse-jee-luna-R-win32-x86_64\eclipse\plugins\org.apache.ant_1.9.2.v201404171502\lib\ant-apache-regexp.jar;D:\softwares\eclipse-jee-luna-R-win32-x86_64\eclipse\plugins\org.apache.ant_1.9.2.v201404171502\lib\ant-apache-resolver.jar;D:\softwares\eclipse-jee-luna-R-win32-x86_64\eclipse\plugins\org.apache.ant_1.9.2.v201404171502\lib\ant-apache-xalan2.jar;D:\softwares\eclipse-jee-luna-R-win32-x86_64\eclipse\plugins\org.apache.ant_1.9.2.v201404171502\lib\ant-commons-logging.jar;D:\softwares\eclipse-jee-luna-R-win32-x86_64\eclipse\plugins\org.apache.ant_1.9.2.v201404171502\lib\ant-commons-net.jar;D:\softwares\eclipse-jee-luna-R-win32-x86_64\eclipse\plugins\org.apache.ant_1.9.2.v201404171502\lib\ant-jai.jar;D:\softwares\eclipse-jee-luna-R-win32-x86_64\eclipse\plugins\org.apache.ant_1.9.2.v201404171502\lib\ant-javamail.jar;D:\softwares\eclipse-jee-luna-R-win32-x86_64\eclipse\plugins\org.apache.ant_1.9.2.v201404171502\lib\ant-jdepend.jar;D:\softwares\eclipse-jee-luna-R-win32-x86_64\eclipse\plugins\org.apache.ant_1.9.2.v201404171502\lib\ant-jmf.jar;D:\softwares\eclipse-jee-luna-R-win32-x86_64\eclipse\plugins\org.apache.ant_1.9.2.v201404171502\lib\ant-jsch.jar;D:\softwares\eclipse-jee-luna-R-win32-x86_64\eclipse\plugins\org.apache.ant_1.9.2.v201404171502\lib\ant-junit.jar;D:\softwares\eclipse-jee-luna-R-win32-x86_64\eclipse\plugins\org.apache.ant_1.9.2.v201404171502\lib\ant-junit4.jar;D:\softwares\eclipse-jee-luna-R-win32-x86_64\eclipse\plugins\org.apache.ant_1.9.2.v201404171502\lib\ant-launcher.jar;D:\softwares\eclipse-jee-luna-R-win32-x86_64\eclipse\plugins\org.apache.ant_1.9.2.v201404171502\lib\ant-netrexx.jar;D:\softwares\eclipse-jee-luna-R-win32-x86_64\eclipse\plugins\org.apache.ant_1.9.2.v201404171502\lib\ant-swing.jar;D:\softwares\eclipse-jee-luna-R-win32-x86_64\eclipse\plugins\org.apache.ant_1.9.2.v201404171502\lib\ant-testutil.jar;D:\softwares\eclipse-jee-luna-R-win32-x86_64\eclipse\plugins\org.apache.ant_1.9.2.v201404171502\lib\ant.jar;D:\softwares\eclipse-jee-luna-R-win32-x86_64\eclipse\configuration\org.eclipse.osgi\64\0\.cp\lib\antdebug.jar;D:\softwares\eclipse-jee-luna-R-win32-x86_64\eclipse\configuration\org.eclipse.osgi\64\0\.cp\lib\remote.jar;D:\softwares\eclipse-jee-luna-R-win32-x86_64\eclipse\configuration\org.eclipse.osgi\65\0\.cp\lib\remoteAnt.jar;C:\Program Files (x86)\Java\jdk1.7.0_71\lib\tools.jar;D:\softwares\eclipse-jee-luna-R-win32-x86_64\eclipse\plugins\org.eclipse.swt.win32.win32.x86_64_3.103.0.v20140605-2012.jar" />
    <property name="ant.version" value="Apache Ant(TM) version 1.9.2 compiled on July 8 2013" />
    <property name="java.vm.specification.name" value="Java Virtual Machine Specification" />
    <property name="java.vm.specification.version" value="1.7" />
    <property name="sun.cpu.endian" value="little" />
    <property name="sun.os.patch.level" value="" />
    <property name="eclipse.pdebuild.home" value="/D:/softwares/eclipse-jee-luna-R-win32-x86_64/eclipse/plugins/org.eclipse.pde.build_3.9.0.v20140415-2029/./" />
    <property name="java.io.tmpdir" value="C:\Users\INDERP~1.SIN\AppData\Local\Temp\" />
    <property name="java.vendor.url.bug" value="http://bugreport.sun.com/bugreport/" />
    <property name="os.arch" value="amd64" />
    <property name="java.awt.graphicsenv" value="sun.awt.Win32GraphicsEnvironment" />
    <property name="java.ext.dirs" value="D:\softwares\eclipse-jee-luna-R-win32-x86_64\eclipse\jre\lib\ext;C:\Windows\Sun\Java\lib\ext" />
    <property name="user.dir" value="D:\GitHubRepo\src" />
    <property name="line.separator" value="&#xd;&#xa;" />
    <property name="java.vm.name" value="Java HotSpot(TM) 64-Bit Server VM" />
    <property name="basedir" value="D:\GitHubRepo\src" />
    <property name="ant.java.version" value="1.7" />
    <property name="ant.core.lib" value="D:\softwares\eclipse-jee-luna-R-win32-x86_64\eclipse\plugins\org.apache.ant_1.9.2.v201404171502\lib\ant.jar" />
    <property name="file.encoding" value="UTF-8" />
    <property name="java.specification.version" value="1.7" />
    <property name="src.dir" value="D:\GitHubRepo\src\ " />
    <property name="ant.project.invoked-targets" value="main" />
  </properties>
  <testcase classname="tests.DemoTest" name="substraction" time="0.002" />
  <testcase classname="tests.DemoTest" name="additon" time="0.0" />
  <system-out><![CDATA[]]></system-out>
  <system-err><![CDATA[]]></system-err>
</testsuite>
